<?xml version="1.0" encoding="UTF-8"?>
<testsuite name="br.ufmg.coltec.journal.business.DateParserUtilTest" tests="3" skipped="0" failures="0" errors="0" timestamp="2026-06-05T12:05:22" hostname="DESKTOP-0DH00JQ" time="0.032">
  <properties/>
  <testcase name="testParseEmptyOrNullDateReturnsNull()" classname="br.ufmg.coltec.journal.business.DateParserUtilTest" time="0.025"/>
  <testcase name="testParseValidDate()" classname="br.ufmg.coltec.journal.business.DateParserUtilTest" time="0.003"/>
  <testcase name="testParseInvalidDateFormatThrowsException()" classname="br.ufmg.coltec.journal.business.DateParserUtilTest" time="0.002"/>
  <system-out><![CDATA[]]></system-out>
  <system-err><![CDATA[]]></system-err>
</testsuite>
